Terminals unused in grammar

   number_error
   square_bracket_left
   square_bracket_right
   curly_brace_left
   curly_brace_right
   parenthesis_left
   parenthesis_right
   semicolon
   comma
   colon
   dot
   plus_assign
   minus_assign
   multiply_assign
   divide_assign
   question_mark
   modulo
   division
   multiply
   minus
   plus
   assignment
   Fake_id
   WhiteSpace


Grammar

    0 $accept: program $end

    1 program: declarationList

    2 declarationList: declarationList declaration
    3                | declaration

    4 declaration: varDeclaration
    5            | funDeclaration
    6            | recDeclaration

    7 recDeclaration: RECORD ID '{' localDeclarations '}'

    8 varDeclaration: typeSpecifier varDeclList ';'

    9 scopedVarDeclaration: scopedTypeSpecifier varDeclList ';'

   10 varDeclList: varDeclList ',' varDeclInitialize
   11            | varDeclInitialize

   12 varDeclInitialize: varDeclId
   13                  | varDeclId ':' simpleExpression

   14 varDeclId: ID
   15          | ID '[' NUMCONST ']'

   16 scopedTypeSpecifier: Static typeSpecifier
   17                    | typeSpecifier

   18 typeSpecifier: returnTypeSpecifier

   19 returnTypeSpecifier: INT
   20                    | REAL
   21                    | BOOL
   22                    | CHAR

   23 funDeclaration: typeSpecifier ID '(' params ')' statement
   24               | ID '(' params ')' statement

   25 params: paramList
   26       | /* empty */

   27 paramList: paramList ';' paramTypeList
   28          | paramTypeList

   29 paramTypeList: typeSpecifier paramIdList

   30 paramIdList: paramIdList ',' paramId
   31            | paramId

   32 paramId: ID
   33        | ID '[' ']'

   34 statement: expressionStmt
   35          | compoundStmt
   36          | selectionStmt
   37          | iterationStmt
   38          | returnStmt
   39          | breakStmt

   40 compoundStmt: '{' localDeclarations statementList '}'

   41 localDeclarations: localDeclarations scopedVarDeclaration
   42                  | /* empty */

   43 statementList: statementList statement
   44              | /* empty */

   45 expressionStmt: expression ';'
   46               | ';'

   47 selectionStmt: IF '(' simpleExpression ')' statement
   48              | IF '(' simpleExpression ')' statement ELSE statement
   49              | SWITCH '(' simpleExpression ')' caseElement defaultElement END

   50 caseElement: CASE NUMCONST ':' statement ';'
   51            | caseElement CASE NUMCONST ':' statement ';'

   52 defaultElement: DEFAULT ':' statement ';'
   53               | /* empty */

   54 iterationStmt: WHILE '(' simpleExpression ')' statement

   55 returnStmt: RETURN ';'
   56           | RETURN expression ';'

   57 breakStmt: BREAK ';'

   58 expression: mutable '=' expression
   59           | mutable "+=" expression
   60           | mutable "-=" expression
   61           | mutable "*=" expression
   62           | mutable "/=" expression
   63           | mutable "++"
   64           | mutable "--"
   65           | simpleExpression

   66 simpleExpression: simpleExpression OR simpleExpression
   67                 | simpleExpression AND simpleExpression
   68                 | simpleExpression OR_ELSE simpleExpression
   69                 | simpleExpression AND_THEN simpleExpression
   70                 | NOT simpleExpression
   71                 | relExpression

   72 relExpression: mathlogicExpression relop mathlogicExpression
   73              | mathlogicExpression

   74 relop: less_equal
   75      | less_than
   76      | greater_than
   77      | greater_equal
   78      | equal
   79      | not_equal

   80 mathlogicExpression: mathlogicExpression '+' mathlogicExpression
   81                    | mathlogicExpression '-' mathlogicExpression
   82                    | mathlogicExpression '*' mathlogicExpression
   83                    | mathlogicExpression '/' mathlogicExpression
   84                    | mathlogicExpression '%' mathlogicExpression
   85                    | unaryExpression

   86 unaryExpression: unaryop unaryExpression
   87                | factor

   88 unaryop: '-'
   89        | '*'
   90        | '?'

   91 factor: immutable
   92       | mutable

   93 mutable: ID
   94        | mutable '[' expression ']'
   95        | mutable '.' ID

   96 immutable: '(' expression ')'
   97          | call
   98          | constant

   99 call: ID '(' args ')'

  100 args: argList
  101     | /* empty */

  102 argList: argList ',' expression
  103        | expression

  104 constant: NUMCONST
  105         | Real_const
  106         | CHARCONST
  107         | BoolConst


Terminals, with rules where they appear

$end (0) 0
'%' (37) 84
'(' (40) 23 24 47 48 49 54 96 99
')' (41) 23 24 47 48 49 54 96 99
'*' (42) 82 89
'+' (43) 80
',' (44) 10 30 102
'-' (45) 81 88
'.' (46) 95
'/' (47) 83
':' (58) 13 50 51 52
';' (59) 8 9 27 45 46 50 51 52 55 56 57
'=' (61) 58
'?' (63) 90
'[' (91) 15 33 94
']' (93) 15 33 94
'{' (123) 7 40
'}' (125) 7 40
error (256)
Real_const (258) 105
number_error (259)
BoolConst (260) 107
greater_than (261) 76
greater_equal (262) 77
not_equal (263) 79
equal (264) 78
less_equal (265) 74
less_than (266) 75
square_bracket_left (267)
square_bracket_right (268)
curly_brace_left (269)
curly_brace_right (270)
parenthesis_left (271)
parenthesis_right (272)
semicolon (273)
comma (274)
colon (275)
dot (276)
AND_THEN (277) 69
OR_ELSE (278) 68
OR (279) 66
AND (280) 67
NOT (281) 70
IF (282) 47 48
ELSE (283) 48
SWITCH (284) 49
END (285) 49
CASE (286) 50 51
DEFAULT (287) 52
WHILE (288) 54
RETURN (289) 55 56
BREAK (290) 57
RECORD (291) 7
Static (292) 16
INT (293) 19
REAL (294) 20
BOOL (295) 21
CHAR (296) 22
plus_assign (297)
minus_assign (298)
multiply_assign (299)
divide_assign (300)
question_mark (301)
modulo (302)
division (303)
multiply (304)
minus (305)
plus (306)
assignment (307)
NUMCONST (308) 15 50 51 104
ID (309) 7 14 15 23 24 32 33 93 95 99
Fake_id (310)
WhiteSpace (311)
CHARCONST (312) 106
THEN (313)
"+=" (314) 59
"-=" (315) 60
"*=" (316) 61
"/=" (317) 62
"++" (318) 63
"--" (319) 64


Nonterminals, with rules where they appear

$accept (82)
    on left: 0
program (83)
    on left: 1, on right: 0
declarationList (84)
    on left: 2 3, on right: 1 2
declaration (85)
    on left: 4 5 6, on right: 2 3
recDeclaration (86)
    on left: 7, on right: 6
varDeclaration (87)
    on left: 8, on right: 4
scopedVarDeclaration (88)
    on left: 9, on right: 41
varDeclList (89)
    on left: 10 11, on right: 8 9 10
varDeclInitialize (90)
    on left: 12 13, on right: 10 11
varDeclId (91)
    on left: 14 15, on right: 12 13
scopedTypeSpecifier (92)
    on left: 16 17, on right: 9
typeSpecifier (93)
    on left: 18, on right: 8 16 17 23 29
returnTypeSpecifier (94)
    on left: 19 20 21 22, on right: 18
funDeclaration (95)
    on left: 23 24, on right: 5
params (96)
    on left: 25 26, on right: 23 24
paramList (97)
    on left: 27 28, on right: 25 27
paramTypeList (98)
    on left: 29, on right: 27 28
paramIdList (99)
    on left: 30 31, on right: 29 30
paramId (100)
    on left: 32 33, on right: 30 31
statement (101)
    on left: 34 35 36 37 38 39, on right: 23 24 43 47 48 50 51 52 54
compoundStmt (102)
    on left: 40, on right: 35
localDeclarations (103)
    on left: 41 42, on right: 7 40 41
statementList (104)
    on left: 43 44, on right: 40 43
expressionStmt (105)
    on left: 45 46, on right: 34
selectionStmt (106)
    on left: 47 48 49, on right: 36
caseElement (107)
    on left: 50 51, on right: 49 51
defaultElement (108)
    on left: 52 53, on right: 49
iterationStmt (109)
    on left: 54, on right: 37
returnStmt (110)
    on left: 55 56, on right: 38
breakStmt (111)
    on left: 57, on right: 39
expression (112)
    on left: 58 59 60 61 62 63 64 65, on right: 45 56 58 59 60 61 62
    94 96 102 103
simpleExpression (113)
    on left: 66 67 68 69 70 71, on right: 13 47 48 49 54 65 66 67 68
    69 70
relExpression (114)
    on left: 72 73, on right: 71
relop (115)
    on left: 74 75 76 77 78 79, on right: 72
mathlogicExpression (116)
    on left: 80 81 82 83 84 85, on right: 72 73 80 81 82 83 84
unaryExpression (117)
    on left: 86 87, on right: 85 86
unaryop (118)
    on left: 88 89 90, on right: 86
factor (119)
    on left: 91 92, on right: 87
mutable (120)
    on left: 93 94 95, on right: 58 59 60 61 62 63 64 92 94 95
immutable (121)
    on left: 96 97 98, on right: 91
call (122)
    on left: 99, on right: 97
args (123)
    on left: 100 101, on right: 99
argList (124)
    on left: 102 103, on right: 100 102
constant (125)
    on left: 104 105 106 107, on right: 98


state 0

    0 $accept: . program $end

    RECORD  shift, and go to state 1
    INT     shift, and go to state 2
    REAL    shift, and go to state 3
    BOOL    shift, and go to state 4
    CHAR    shift, and go to state 5
    ID      shift, and go to state 6

    program              go to state 7
    declarationList      go to state 8
    declaration          go to state 9
    recDeclaration       go to state 10
    varDeclaration       go to state 11
    typeSpecifier        go to state 12
    returnTypeSpecifier  go to state 13
    funDeclaration       go to state 14


state 1

    7 recDeclaration: RECORD . ID '{' localDeclarations '}'

    ID  shift, and go to state 15


state 2

   19 returnTypeSpecifier: INT .

    $default  reduce using rule 19 (returnTypeSpecifier)


state 3

   20 returnTypeSpecifier: REAL .

    $default  reduce using rule 20 (returnTypeSpecifier)


state 4

   21 returnTypeSpecifier: BOOL .

    $default  reduce using rule 21 (returnTypeSpecifier)


state 5

   22 returnTypeSpecifier: CHAR .

    $default  reduce using rule 22 (returnTypeSpecifier)


state 6

   24 funDeclaration: ID . '(' params ')' statement

    '('  shift, and go to state 16


state 7

    0 $accept: program . $end

    $end  shift, and go to state 17


state 8

    1 program: declarationList .
    2 declarationList: declarationList . declaration

    RECORD  shift, and go to state 1
    INT     shift, and go to state 2
    REAL    shift, and go to state 3
    BOOL    shift, and go to state 4
    CHAR    shift, and go to state 5
    ID      shift, and go to state 6

    $default  reduce using rule 1 (program)

    declaration          go to state 18
    recDeclaration       go to state 10
    varDeclaration       go to state 11
    typeSpecifier        go to state 12
    returnTypeSpecifier  go to state 13
    funDeclaration       go to state 14


state 9

    3 declarationList: declaration .

    $default  reduce using rule 3 (declarationList)


state 10

    6 declaration: recDeclaration .

    $default  reduce using rule 6 (declaration)


state 11

    4 declaration: varDeclaration .

    $default  reduce using rule 4 (declaration)


state 12

    8 varDeclaration: typeSpecifier . varDeclList ';'
   23 funDeclaration: typeSpecifier . ID '(' params ')' statement

    ID  shift, and go to state 19

    varDeclList        go to state 20
    varDeclInitialize  go to state 21
    varDeclId          go to state 22


state 13

   18 typeSpecifier: returnTypeSpecifier .

    $default  reduce using rule 18 (typeSpecifier)


state 14

    5 declaration: funDeclaration .

    $default  reduce using rule 5 (declaration)


state 15

    7 recDeclaration: RECORD ID . '{' localDeclarations '}'

    '{'  shift, and go to state 23


state 16

   24 funDeclaration: ID '(' . params ')' statement

    INT   shift, and go to state 2
    REAL  shift, and go to state 3
    BOOL  shift, and go to state 4
    CHAR  shift, and go to state 5

    $default  reduce using rule 26 (params)

    typeSpecifier        go to state 24
    returnTypeSpecifier  go to state 13
    params               go to state 25
    paramList            go to state 26
    paramTypeList        go to state 27


state 17

    0 $accept: program $end .

    $default  accept


state 18

    2 declarationList: declarationList declaration .

    $default  reduce using rule 2 (declarationList)


state 19

   14 varDeclId: ID .
   15          | ID . '[' NUMCONST ']'
   23 funDeclaration: typeSpecifier ID . '(' params ')' statement

    '['  shift, and go to state 28
    '('  shift, and go to state 29

    $default  reduce using rule 14 (varDeclId)


state 20

    8 varDeclaration: typeSpecifier varDeclList . ';'
   10 varDeclList: varDeclList . ',' varDeclInitialize

    ';'  shift, and go to state 30
    ','  shift, and go to state 31


state 21

   11 varDeclList: varDeclInitialize .

    $default  reduce using rule 11 (varDeclList)


state 22

   12 varDeclInitialize: varDeclId .
   13                  | varDeclId . ':' simpleExpression

    ':'  shift, and go to state 32

    $default  reduce using rule 12 (varDeclInitialize)


state 23

    7 recDeclaration: RECORD ID '{' . localDeclarations '}'

    $default  reduce using rule 42 (localDeclarations)

    localDeclarations  go to state 33


state 24

   29 paramTypeList: typeSpecifier . paramIdList

    ID  shift, and go to state 34

    paramIdList  go to state 35
    paramId      go to state 36


state 25

   24 funDeclaration: ID '(' params . ')' statement

    ')'  shift, and go to state 37


state 26

   25 params: paramList .
   27 paramList: paramList . ';' paramTypeList

    ';'  shift, and go to state 38

    $default  reduce using rule 25 (params)


state 27

   28 paramList: paramTypeList .

    $default  reduce using rule 28 (paramList)


state 28

   15 varDeclId: ID '[' . NUMCONST ']'

    NUMCONST  shift, and go to state 39


state 29

   23 funDeclaration: typeSpecifier ID '(' . params ')' statement

    INT   shift, and go to state 2
    REAL  shift, and go to state 3
    BOOL  shift, and go to state 4
    CHAR  shift, and go to state 5

    $default  reduce using rule 26 (params)

    typeSpecifier        go to state 24
    returnTypeSpecifier  go to state 13
    params               go to state 40
    paramList            go to state 26
    paramTypeList        go to state 27


state 30

    8 varDeclaration: typeSpecifier varDeclList ';' .

    $default  reduce using rule 8 (varDeclaration)


state 31

   10 varDeclList: varDeclList ',' . varDeclInitialize

    ID  shift, and go to state 41

    varDeclInitialize  go to state 42
    varDeclId          go to state 22


state 32

   13 varDeclInitialize: varDeclId ':' . simpleExpression

    Real_const  shift, and go to state 43
    BoolConst   shift, and go to state 44
    NOT         shift, and go to state 45
    NUMCONST    shift, and go to state 46
    ID          shift, and go to state 47
    CHARCONST   shift, and go to state 48
    '-'         shift, and go to state 49
    '*'         shift, and go to state 50
    '('         shift, and go to state 51
    '?'         shift, and go to state 52

    simpleExpression     go to state 53
    relExpression        go to state 54
    mathlogicExpression  go to state 55
    unaryExpression      go to state 56
    unaryop              go to state 57
    factor               go to state 58
    mutable              go to state 59
    immutable            go to state 60
    call                 go to state 61
    constant             go to state 62


state 33

    7 recDeclaration: RECORD ID '{' localDeclarations . '}'
   41 localDeclarations: localDeclarations . scopedVarDeclaration

    Static  shift, and go to state 63
    INT     shift, and go to state 2
    REAL    shift, and go to state 3
    BOOL    shift, and go to state 4
    CHAR    shift, and go to state 5
    '}'     shift, and go to state 64

    scopedVarDeclaration  go to state 65
    scopedTypeSpecifier   go to state 66
    typeSpecifier         go to state 67
    returnTypeSpecifier   go to state 13


state 34

   32 paramId: ID .
   33        | ID . '[' ']'

    '['  shift, and go to state 68

    $default  reduce using rule 32 (paramId)


state 35

   29 paramTypeList: typeSpecifier paramIdList .
   30 paramIdList: paramIdList . ',' paramId

    ','  shift, and go to state 69

    $default  reduce using rule 29 (paramTypeList)


state 36

   31 paramIdList: paramId .

    $default  reduce using rule 31 (paramIdList)


state 37

   24 funDeclaration: ID '(' params ')' . statement

    Real_const  shift, and go to state 43
    BoolConst   shift, and go to state 44
    NOT         shift, and go to state 45
    IF          shift, and go to state 70
    SWITCH      shift, and go to state 71
    WHILE       shift, and go to state 72
    RETURN      shift, and go to state 73
    BREAK       shift, and go to state 74
    NUMCONST    shift, and go to state 46
    ID          shift, and go to state 47
    CHARCONST   shift, and go to state 48
    '-'         shift, and go to state 49
    '*'         shift, and go to state 50
    '{'         shift, and go to state 75
    ';'         shift, and go to state 76
    '('         shift, and go to state 51
    '?'         shift, and go to state 52

    statement            go to state 77
    compoundStmt         go to state 78
    expressionStmt       go to state 79
    selectionStmt        go to state 80
    iterationStmt        go to state 81
    returnStmt           go to state 82
    breakStmt            go to state 83
    expression           go to state 84
    simpleExpression     go to state 85
    relExpression        go to state 54
    mathlogicExpression  go to state 55
    unaryExpression      go to state 56
    unaryop              go to state 57
    factor               go to state 58
    mutable              go to state 86
    immutable            go to state 60
    call                 go to state 61
    constant             go to state 62


state 38

   27 paramList: paramList ';' . paramTypeList

    INT   shift, and go to state 2
    REAL  shift, and go to state 3
    BOOL  shift, and go to state 4
    CHAR  shift, and go to state 5

    typeSpecifier        go to state 24
    returnTypeSpecifier  go to state 13
    paramTypeList        go to state 87


state 39

   15 varDeclId: ID '[' NUMCONST . ']'

    ']'  shift, and go to state 88


state 40

   23 funDeclaration: typeSpecifier ID '(' params . ')' statement

    ')'  shift, and go to state 89


state 41

   14 varDeclId: ID .
   15          | ID . '[' NUMCONST ']'

    '['  shift, and go to state 28

    $default  reduce using rule 14 (varDeclId)


state 42

   10 varDeclList: varDeclList ',' varDeclInitialize .

    $default  reduce using rule 10 (varDeclList)


state 43

  105 constant: Real_const .

    $default  reduce using rule 105 (constant)


state 44

  107 constant: BoolConst .

    $default  reduce using rule 107 (constant)


state 45

   70 simpleExpression: NOT . simpleExpression

    Real_const  shift, and go to state 43
    BoolConst   shift, and go to state 44
    NOT         shift, and go to state 45
    NUMCONST    shift, and go to state 46
    ID          shift, and go to state 47
    CHARCONST   shift, and go to state 48
    '-'         shift, and go to state 49
    '*'         shift, and go to state 50
    '('         shift, and go to state 51
    '?'         shift, and go to state 52

    simpleExpression     go to state 90
    relExpression        go to state 54
    mathlogicExpression  go to state 55
    unaryExpression      go to state 56
    unaryop              go to state 57
    factor               go to state 58
    mutable              go to state 59
    immutable            go to state 60
    call                 go to state 61
    constant             go to state 62


state 46

  104 constant: NUMCONST .

    $default  reduce using rule 104 (constant)


state 47

   93 mutable: ID .
   99 call: ID . '(' args ')'

    '('  shift, and go to state 91

    $default  reduce using rule 93 (mutable)


state 48

  106 constant: CHARCONST .

    $default  reduce using rule 106 (constant)


state 49

   88 unaryop: '-' .

    $default  reduce using rule 88 (unaryop)


state 50

   89 unaryop: '*' .

    $default  reduce using rule 89 (unaryop)


state 51

   96 immutable: '(' . expression ')'

    Real_const  shift, and go to state 43
    BoolConst   shift, and go to state 44
    NOT         shift, and go to state 45
    NUMCONST    shift, and go to state 46
    ID          shift, and go to state 47
    CHARCONST   shift, and go to state 48
    '-'         shift, and go to state 49
    '*'         shift, and go to state 50
    '('         shift, and go to state 51
    '?'         shift, and go to state 52

    expression           go to state 92
    simpleExpression     go to state 85
    relExpression        go to state 54
    mathlogicExpression  go to state 55
    unaryExpression      go to state 56
    unaryop              go to state 57
    factor               go to state 58
    mutable              go to state 86
    immutable            go to state 60
    call                 go to state 61
    constant             go to state 62


state 52

   90 unaryop: '?' .

    $default  reduce using rule 90 (unaryop)


state 53

   13 varDeclInitialize: varDeclId ':' simpleExpression .
   66 simpleExpression: simpleExpression . OR simpleExpression
   67                 | simpleExpression . AND simpleExpression
   68                 | simpleExpression . OR_ELSE simpleExpression
   69                 | simpleExpression . AND_THEN simpleExpression

    AND_THEN  shift, and go to state 93
    OR_ELSE   shift, and go to state 94
    OR        shift, and go to state 95
    AND       shift, and go to state 96

    $default  reduce using rule 13 (varDeclInitialize)


state 54

   71 simpleExpression: relExpression .

    $default  reduce using rule 71 (simpleExpression)


state 55

   72 relExpression: mathlogicExpression . relop mathlogicExpression
   73              | mathlogicExpression .
   80 mathlogicExpression: mathlogicExpression . '+' mathlogicExpression
   81                    | mathlogicExpression . '-' mathlogicExpression
   82                    | mathlogicExpression . '*' mathlogicExpression
   83                    | mathlogicExpression . '/' mathlogicExpression
   84                    | mathlogicExpression . '%' mathlogicExpression

    greater_than   shift, and go to state 97
    greater_equal  shift, and go to state 98
    not_equal      shift, and go to state 99
    equal          shift, and go to state 100
    less_equal     shift, and go to state 101
    less_than      shift, and go to state 102
    '+'            shift, and go to state 103
    '-'            shift, and go to state 104
    '%'            shift, and go to state 105
    '*'            shift, and go to state 106
    '/'            shift, and go to state 107

    $default  reduce using rule 73 (relExpression)

    relop  go to state 108


state 56

   85 mathlogicExpression: unaryExpression .

    $default  reduce using rule 85 (mathlogicExpression)


state 57

   86 unaryExpression: unaryop . unaryExpression

    Real_const  shift, and go to state 43
    BoolConst   shift, and go to state 44
    NUMCONST    shift, and go to state 46
    ID          shift, and go to state 47
    CHARCONST   shift, and go to state 48
    '-'         shift, and go to state 49
    '*'         shift, and go to state 50
    '('         shift, and go to state 51
    '?'         shift, and go to state 52

    unaryExpression  go to state 109
    unaryop          go to state 57
    factor           go to state 58
    mutable          go to state 59
    immutable        go to state 60
    call             go to state 61
    constant         go to state 62


state 58

   87 unaryExpression: factor .

    $default  reduce using rule 87 (unaryExpression)


state 59

   92 factor: mutable .
   94 mutable: mutable . '[' expression ']'
   95        | mutable . '.' ID

    '['  shift, and go to state 110
    '.'  shift, and go to state 111

    $default  reduce using rule 92 (factor)


state 60

   91 factor: immutable .

    $default  reduce using rule 91 (factor)


state 61

   97 immutable: call .

    $default  reduce using rule 97 (immutable)


state 62

   98 immutable: constant .

    $default  reduce using rule 98 (immutable)


state 63

   16 scopedTypeSpecifier: Static . typeSpecifier

    INT   shift, and go to state 2
    REAL  shift, and go to state 3
    BOOL  shift, and go to state 4
    CHAR  shift, and go to state 5

    typeSpecifier        go to state 112
    returnTypeSpecifier  go to state 13


state 64

    7 recDeclaration: RECORD ID '{' localDeclarations '}' .

    $default  reduce using rule 7 (recDeclaration)


state 65

   41 localDeclarations: localDeclarations scopedVarDeclaration .

    $default  reduce using rule 41 (localDeclarations)


state 66

    9 scopedVarDeclaration: scopedTypeSpecifier . varDeclList ';'

    ID  shift, and go to state 41

    varDeclList        go to state 113
    varDeclInitialize  go to state 21
    varDeclId          go to state 22


state 67

   17 scopedTypeSpecifier: typeSpecifier .

    $default  reduce using rule 17 (scopedTypeSpecifier)


state 68

   33 paramId: ID '[' . ']'

    ']'  shift, and go to state 114


state 69

   30 paramIdList: paramIdList ',' . paramId

    ID  shift, and go to state 34

    paramId  go to state 115


state 70

   47 selectionStmt: IF . '(' simpleExpression ')' statement
   48              | IF . '(' simpleExpression ')' statement ELSE statement

    '('  shift, and go to state 116


state 71

   49 selectionStmt: SWITCH . '(' simpleExpression ')' caseElement defaultElement END

    '('  shift, and go to state 117


state 72

   54 iterationStmt: WHILE . '(' simpleExpression ')' statement

    '('  shift, and go to state 118


state 73

   55 returnStmt: RETURN . ';'
   56           | RETURN . expression ';'

    Real_const  shift, and go to state 43
    BoolConst   shift, and go to state 44
    NOT         shift, and go to state 45
    NUMCONST    shift, and go to state 46
    ID          shift, and go to state 47
    CHARCONST   shift, and go to state 48
    '-'         shift, and go to state 49
    '*'         shift, and go to state 50
    ';'         shift, and go to state 119
    '('         shift, and go to state 51
    '?'         shift, and go to state 52

    expression           go to state 120
    simpleExpression     go to state 85
    relExpression        go to state 54
    mathlogicExpression  go to state 55
    unaryExpression      go to state 56
    unaryop              go to state 57
    factor               go to state 58
    mutable              go to state 86
    immutable            go to state 60
    call                 go to state 61
    constant             go to state 62


state 74

   57 breakStmt: BREAK . ';'

    ';'  shift, and go to state 121


state 75

   40 compoundStmt: '{' . localDeclarations statementList '}'

    $default  reduce using rule 42 (localDeclarations)

    localDeclarations  go to state 122


state 76

   46 expressionStmt: ';' .

    $default  reduce using rule 46 (expressionStmt)


state 77

   24 funDeclaration: ID '(' params ')' statement .

    $default  reduce using rule 24 (funDeclaration)


state 78

   35 statement: compoundStmt .

    $default  reduce using rule 35 (statement)


state 79

   34 statement: expressionStmt .

    $default  reduce using rule 34 (statement)


state 80

   36 statement: selectionStmt .

    $default  reduce using rule 36 (statement)


state 81

   37 statement: iterationStmt .

    $default  reduce using rule 37 (statement)


state 82

   38 statement: returnStmt .

    $default  reduce using rule 38 (statement)


state 83

   39 statement: breakStmt .

    $default  reduce using rule 39 (statement)


state 84

   45 expressionStmt: expression . ';'

    ';'  shift, and go to state 123


state 85

   65 expression: simpleExpression .
   66 simpleExpression: simpleExpression . OR simpleExpression
   67                 | simpleExpression . AND simpleExpression
   68                 | simpleExpression . OR_ELSE simpleExpression
   69                 | simpleExpression . AND_THEN simpleExpression

    AND_THEN  shift, and go to state 93
    OR_ELSE   shift, and go to state 94
    OR        shift, and go to state 95
    AND       shift, and go to state 96

    $default  reduce using rule 65 (expression)


state 86

   58 expression: mutable . '=' expression
   59           | mutable . "+=" expression
   60           | mutable . "-=" expression
   61           | mutable . "*=" expression
   62           | mutable . "/=" expression
   63           | mutable . "++"
   64           | mutable . "--"
   92 factor: mutable .
   94 mutable: mutable . '[' expression ']'
   95        | mutable . '.' ID

    '['   shift, and go to state 110
    '='   shift, and go to state 124
    "+="  shift, and go to state 125
    "-="  shift, and go to state 126
    "*="  shift, and go to state 127
    "/="  shift, and go to state 128
    "++"  shift, and go to state 129
    "--"  shift, and go to state 130
    '.'   shift, and go to state 111

    $default  reduce using rule 92 (factor)


state 87

   27 paramList: paramList ';' paramTypeList .

    $default  reduce using rule 27 (paramList)


state 88

   15 varDeclId: ID '[' NUMCONST ']' .

    $default  reduce using rule 15 (varDeclId)


state 89

   23 funDeclaration: typeSpecifier ID '(' params ')' . statement

    Real_const  shift, and go to state 43
    BoolConst   shift, and go to state 44
    NOT         shift, and go to state 45
    IF          shift, and go to state 70
    SWITCH      shift, and go to state 71
    WHILE       shift, and go to state 72
    RETURN      shift, and go to state 73
    BREAK       shift, and go to state 74
    NUMCONST    shift, and go to state 46
    ID          shift, and go to state 47
    CHARCONST   shift, and go to state 48
    '-'         shift, and go to state 49
    '*'         shift, and go to state 50
    '{'         shift, and go to state 75
    ';'         shift, and go to state 76
    '('         shift, and go to state 51
    '?'         shift, and go to state 52

    statement            go to state 131
    compoundStmt         go to state 78
    expressionStmt       go to state 79
    selectionStmt        go to state 80
    iterationStmt        go to state 81
    returnStmt           go to state 82
    breakStmt            go to state 83
    expression           go to state 84
    simpleExpression     go to state 85
    relExpression        go to state 54
    mathlogicExpression  go to state 55
    unaryExpression      go to state 56
    unaryop              go to state 57
    factor               go to state 58
    mutable              go to state 86
    immutable            go to state 60
    call                 go to state 61
    constant             go to state 62


state 90

   66 simpleExpression: simpleExpression . OR simpleExpression
   67                 | simpleExpression . AND simpleExpression
   68                 | simpleExpression . OR_ELSE simpleExpression
   69                 | simpleExpression . AND_THEN simpleExpression
   70                 | NOT simpleExpression .

    $default  reduce using rule 70 (simpleExpression)


state 91

   99 call: ID '(' . args ')'

    Real_const  shift, and go to state 43
    BoolConst   shift, and go to state 44
    NOT         shift, and go to state 45
    NUMCONST    shift, and go to state 46
    ID          shift, and go to state 47
    CHARCONST   shift, and go to state 48
    '-'         shift, and go to state 49
    '*'         shift, and go to state 50
    '('         shift, and go to state 51
    '?'         shift, and go to state 52

    $default  reduce using rule 101 (args)

    expression           go to state 132
    simpleExpression     go to state 85
    relExpression        go to state 54
    mathlogicExpression  go to state 55
    unaryExpression      go to state 56
    unaryop              go to state 57
    factor               go to state 58
    mutable              go to state 86
    immutable            go to state 60
    call                 go to state 61
    args                 go to state 133
    argList              go to state 134
    constant             go to state 62


state 92

   96 immutable: '(' expression . ')'

    ')'  shift, and go to state 135


state 93

   69 simpleExpression: simpleExpression AND_THEN . simpleExpression

    Real_const  shift, and go to state 43
    BoolConst   shift, and go to state 44
    NOT         shift, and go to state 45
    NUMCONST    shift, and go to state 46
    ID          shift, and go to state 47
    CHARCONST   shift, and go to state 48
    '-'         shift, and go to state 49
    '*'         shift, and go to state 50
    '('         shift, and go to state 51
    '?'         shift, and go to state 52

    simpleExpression     go to state 136
    relExpression        go to state 54
    mathlogicExpression  go to state 55
    unaryExpression      go to state 56
    unaryop              go to state 57
    factor               go to state 58
    mutable              go to state 59
    immutable            go to state 60
    call                 go to state 61
    constant             go to state 62


state 94

   68 simpleExpression: simpleExpression OR_ELSE . simpleExpression

    Real_const  shift, and go to state 43
    BoolConst   shift, and go to state 44
    NOT         shift, and go to state 45
    NUMCONST    shift, and go to state 46
    ID          shift, and go to state 47
    CHARCONST   shift, and go to state 48
    '-'         shift, and go to state 49
    '*'         shift, and go to state 50
    '('         shift, and go to state 51
    '?'         shift, and go to state 52

    simpleExpression     go to state 137
    relExpression        go to state 54
    mathlogicExpression  go to state 55
    unaryExpression      go to state 56
    unaryop              go to state 57
    factor               go to state 58
    mutable              go to state 59
    immutable            go to state 60
    call                 go to state 61
    constant             go to state 62


state 95

   66 simpleExpression: simpleExpression OR . simpleExpression

    Real_const  shift, and go to state 43
    BoolConst   shift, and go to state 44
    NOT         shift, and go to state 45
    NUMCONST    shift, and go to state 46
    ID          shift, and go to state 47
    CHARCONST   shift, and go to state 48
    '-'         shift, and go to state 49
    '*'         shift, and go to state 50
    '('         shift, and go to state 51
    '?'         shift, and go to state 52

    simpleExpression     go to state 138
    relExpression        go to state 54
    mathlogicExpression  go to state 55
    unaryExpression      go to state 56
    unaryop              go to state 57
    factor               go to state 58
    mutable              go to state 59
    immutable            go to state 60
    call                 go to state 61
    constant             go to state 62


state 96

   67 simpleExpression: simpleExpression AND . simpleExpression

    Real_const  shift, and go to state 43
    BoolConst   shift, and go to state 44
    NOT         shift, and go to state 45
    NUMCONST    shift, and go to state 46
    ID          shift, and go to state 47
    CHARCONST   shift, and go to state 48
    '-'         shift, and go to state 49
    '*'         shift, and go to state 50
    '('         shift, and go to state 51
    '?'         shift, and go to state 52

    simpleExpression     go to state 139
    relExpression        go to state 54
    mathlogicExpression  go to state 55
    unaryExpression      go to state 56
    unaryop              go to state 57
    factor               go to state 58
    mutable              go to state 59
    immutable            go to state 60
    call                 go to state 61
    constant             go to state 62


state 97

   76 relop: greater_than .

    $default  reduce using rule 76 (relop)


state 98

   77 relop: greater_equal .

    $default  reduce using rule 77 (relop)


state 99

   79 relop: not_equal .

    $default  reduce using rule 79 (relop)


state 100

   78 relop: equal .

    $default  reduce using rule 78 (relop)


state 101

   74 relop: less_equal .

    $default  reduce using rule 74 (relop)


state 102

   75 relop: less_than .

    $default  reduce using rule 75 (relop)


state 103

   80 mathlogicExpression: mathlogicExpression '+' . mathlogicExpression

    Real_const  shift, and go to state 43
    BoolConst   shift, and go to state 44
    NUMCONST    shift, and go to state 46
    ID          shift, and go to state 47
    CHARCONST   shift, and go to state 48
    '-'         shift, and go to state 49
    '*'         shift, and go to state 50
    '('         shift, and go to state 51
    '?'         shift, and go to state 52

    mathlogicExpression  go to state 140
    unaryExpression      go to state 56
    unaryop              go to state 57
    factor               go to state 58
    mutable              go to state 59
    immutable            go to state 60
    call                 go to state 61
    constant             go to state 62


state 104

   81 mathlogicExpression: mathlogicExpression '-' . mathlogicExpression

    Real_const  shift, and go to state 43
    BoolConst   shift, and go to state 44
    NUMCONST    shift, and go to state 46
    ID          shift, and go to state 47
    CHARCONST   shift, and go to state 48
    '-'         shift, and go to state 49
    '*'         shift, and go to state 50
    '('         shift, and go to state 51
    '?'         shift, and go to state 52

    mathlogicExpression  go to state 141
    unaryExpression      go to state 56
    unaryop              go to state 57
    factor               go to state 58
    mutable              go to state 59
    immutable            go to state 60
    call                 go to state 61
    constant             go to state 62


state 105

   84 mathlogicExpression: mathlogicExpression '%' . mathlogicExpression

    Real_const  shift, and go to state 43
    BoolConst   shift, and go to state 44
    NUMCONST    shift, and go to state 46
    ID          shift, and go to state 47
    CHARCONST   shift, and go to state 48
    '-'         shift, and go to state 49
    '*'         shift, and go to state 50
    '('         shift, and go to state 51
    '?'         shift, and go to state 52

    mathlogicExpression  go to state 142
    unaryExpression      go to state 56
    unaryop              go to state 57
    factor               go to state 58
    mutable              go to state 59
    immutable            go to state 60
    call                 go to state 61
    constant             go to state 62


state 106

   82 mathlogicExpression: mathlogicExpression '*' . mathlogicExpression

    Real_const  shift, and go to state 43
    BoolConst   shift, and go to state 44
    NUMCONST    shift, and go to state 46
    ID          shift, and go to state 47
    CHARCONST   shift, and go to state 48
    '-'         shift, and go to state 49
    '*'         shift, and go to state 50
    '('         shift, and go to state 51
    '?'         shift, and go to state 52

    mathlogicExpression  go to state 143
    unaryExpression      go to state 56
    unaryop              go to state 57
    factor               go to state 58
    mutable              go to state 59
    immutable            go to state 60
    call                 go to state 61
    constant             go to state 62


state 107

   83 mathlogicExpression: mathlogicExpression '/' . mathlogicExpression

    Real_const  shift, and go to state 43
    BoolConst   shift, and go to state 44
    NUMCONST    shift, and go to state 46
    ID          shift, and go to state 47
    CHARCONST   shift, and go to state 48
    '-'         shift, and go to state 49
    '*'         shift, and go to state 50
    '('         shift, and go to state 51
    '?'         shift, and go to state 52

    mathlogicExpression  go to state 144
    unaryExpression      go to state 56
    unaryop              go to state 57
    factor               go to state 58
    mutable              go to state 59
    immutable            go to state 60
    call                 go to state 61
    constant             go to state 62


state 108

   72 relExpression: mathlogicExpression relop . mathlogicExpression

    Real_const  shift, and go to state 43
    BoolConst   shift, and go to state 44
    NUMCONST    shift, and go to state 46
    ID          shift, and go to state 47
    CHARCONST   shift, and go to state 48
    '-'         shift, and go to state 49
    '*'         shift, and go to state 50
    '('         shift, and go to state 51
    '?'         shift, and go to state 52

    mathlogicExpression  go to state 145
    unaryExpression      go to state 56
    unaryop              go to state 57
    factor               go to state 58
    mutable              go to state 59
    immutable            go to state 60
    call                 go to state 61
    constant             go to state 62


state 109

   86 unaryExpression: unaryop unaryExpression .

    $default  reduce using rule 86 (unaryExpression)


state 110

   94 mutable: mutable '[' . expression ']'

    Real_const  shift, and go to state 43
    BoolConst   shift, and go to state 44
    NOT         shift, and go to state 45
    NUMCONST    shift, and go to state 46
    ID          shift, and go to state 47
    CHARCONST   shift, and go to state 48
    '-'         shift, and go to state 49
    '*'         shift, and go to state 50
    '('         shift, and go to state 51
    '?'         shift, and go to state 52

    expression           go to state 146
    simpleExpression     go to state 85
    relExpression        go to state 54
    mathlogicExpression  go to state 55
    unaryExpression      go to state 56
    unaryop              go to state 57
    factor               go to state 58
    mutable              go to state 86
    immutable            go to state 60
    call                 go to state 61
    constant             go to state 62


state 111

   95 mutable: mutable '.' . ID

    ID  shift, and go to state 147


state 112

   16 scopedTypeSpecifier: Static typeSpecifier .

    $default  reduce using rule 16 (scopedTypeSpecifier)


state 113

    9 scopedVarDeclaration: scopedTypeSpecifier varDeclList . ';'
   10 varDeclList: varDeclList . ',' varDeclInitialize

    ';'  shift, and go to state 148
    ','  shift, and go to state 31


state 114

   33 paramId: ID '[' ']' .

    $default  reduce using rule 33 (paramId)


state 115

   30 paramIdList: paramIdList ',' paramId .

    $default  reduce using rule 30 (paramIdList)


state 116

   47 selectionStmt: IF '(' . simpleExpression ')' statement
   48              | IF '(' . simpleExpression ')' statement ELSE statement

    Real_const  shift, and go to state 43
    BoolConst   shift, and go to state 44
    NOT         shift, and go to state 45
    NUMCONST    shift, and go to state 46
    ID          shift, and go to state 47
    CHARCONST   shift, and go to state 48
    '-'         shift, and go to state 49
    '*'         shift, and go to state 50
    '('         shift, and go to state 51
    '?'         shift, and go to state 52

    simpleExpression     go to state 149
    relExpression        go to state 54
    mathlogicExpression  go to state 55
    unaryExpression      go to state 56
    unaryop              go to state 57
    factor               go to state 58
    mutable              go to state 59
    immutable            go to state 60
    call                 go to state 61
    constant             go to state 62


state 117

   49 selectionStmt: SWITCH '(' . simpleExpression ')' caseElement defaultElement END

    Real_const  shift, and go to state 43
    BoolConst   shift, and go to state 44
    NOT         shift, and go to state 45
    NUMCONST    shift, and go to state 46
    ID          shift, and go to state 47
    CHARCONST   shift, and go to state 48
    '-'         shift, and go to state 49
    '*'         shift, and go to state 50
    '('         shift, and go to state 51
    '?'         shift, and go to state 52

    simpleExpression     go to state 150
    relExpression        go to state 54
    mathlogicExpression  go to state 55
    unaryExpression      go to state 56
    unaryop              go to state 57
    factor               go to state 58
    mutable              go to state 59
    immutable            go to state 60
    call                 go to state 61
    constant             go to state 62


state 118

   54 iterationStmt: WHILE '(' . simpleExpression ')' statement

    Real_const  shift, and go to state 43
    BoolConst   shift, and go to state 44
    NOT         shift, and go to state 45
    NUMCONST    shift, and go to state 46
    ID          shift, and go to state 47
    CHARCONST   shift, and go to state 48
    '-'         shift, and go to state 49
    '*'         shift, and go to state 50
    '('         shift, and go to state 51
    '?'         shift, and go to state 52

    simpleExpression     go to state 151
    relExpression        go to state 54
    mathlogicExpression  go to state 55
    unaryExpression      go to state 56
    unaryop              go to state 57
    factor               go to state 58
    mutable              go to state 59
    immutable            go to state 60
    call                 go to state 61
    constant             go to state 62


state 119

   55 returnStmt: RETURN ';' .

    $default  reduce using rule 55 (returnStmt)


state 120

   56 returnStmt: RETURN expression . ';'

    ';'  shift, and go to state 152


state 121

   57 breakStmt: BREAK ';' .

    $default  reduce using rule 57 (breakStmt)


state 122

   40 compoundStmt: '{' localDeclarations . statementList '}'
   41 localDeclarations: localDeclarations . scopedVarDeclaration

    Static  shift, and go to state 63
    INT     shift, and go to state 2
    REAL    shift, and go to state 3
    BOOL    shift, and go to state 4
    CHAR    shift, and go to state 5

    $default  reduce using rule 44 (statementList)

    scopedVarDeclaration  go to state 65
    scopedTypeSpecifier   go to state 66
    typeSpecifier         go to state 67
    returnTypeSpecifier   go to state 13
    statementList         go to state 153


state 123

   45 expressionStmt: expression ';' .

    $default  reduce using rule 45 (expressionStmt)


state 124

   58 expression: mutable '=' . expression

    Real_const  shift, and go to state 43
    BoolConst   shift, and go to state 44
    NOT         shift, and go to state 45
    NUMCONST    shift, and go to state 46
    ID          shift, and go to state 47
    CHARCONST   shift, and go to state 48
    '-'         shift, and go to state 49
    '*'         shift, and go to state 50
    '('         shift, and go to state 51
    '?'         shift, and go to state 52

    expression           go to state 154
    simpleExpression     go to state 85
    relExpression        go to state 54
    mathlogicExpression  go to state 55
    unaryExpression      go to state 56
    unaryop              go to state 57
    factor               go to state 58
    mutable              go to state 86
    immutable            go to state 60
    call                 go to state 61
    constant             go to state 62


state 125

   59 expression: mutable "+=" . expression

    Real_const  shift, and go to state 43
    BoolConst   shift, and go to state 44
    NOT         shift, and go to state 45
    NUMCONST    shift, and go to state 46
    ID          shift, and go to state 47
    CHARCONST   shift, and go to state 48
    '-'         shift, and go to state 49
    '*'         shift, and go to state 50
    '('         shift, and go to state 51
    '?'         shift, and go to state 52

    expression           go to state 155
    simpleExpression     go to state 85
    relExpression        go to state 54
    mathlogicExpression  go to state 55
    unaryExpression      go to state 56
    unaryop              go to state 57
    factor               go to state 58
    mutable              go to state 86
    immutable            go to state 60
    call                 go to state 61
    constant             go to state 62


state 126

   60 expression: mutable "-=" . expression

    Real_const  shift, and go to state 43
    BoolConst   shift, and go to state 44
    NOT         shift, and go to state 45
    NUMCONST    shift, and go to state 46
    ID          shift, and go to state 47
    CHARCONST   shift, and go to state 48
    '-'         shift, and go to state 49
    '*'         shift, and go to state 50
    '('         shift, and go to state 51
    '?'         shift, and go to state 52

    expression           go to state 156
    simpleExpression     go to state 85
    relExpression        go to state 54
    mathlogicExpression  go to state 55
    unaryExpression      go to state 56
    unaryop              go to state 57
    factor               go to state 58
    mutable              go to state 86
    immutable            go to state 60
    call                 go to state 61
    constant             go to state 62


state 127

   61 expression: mutable "*=" . expression

    Real_const  shift, and go to state 43
    BoolConst   shift, and go to state 44
    NOT         shift, and go to state 45
    NUMCONST    shift, and go to state 46
    ID          shift, and go to state 47
    CHARCONST   shift, and go to state 48
    '-'         shift, and go to state 49
    '*'         shift, and go to state 50
    '('         shift, and go to state 51
    '?'         shift, and go to state 52

    expression           go to state 157
    simpleExpression     go to state 85
    relExpression        go to state 54
    mathlogicExpression  go to state 55
    unaryExpression      go to state 56
    unaryop              go to state 57
    factor               go to state 58
    mutable              go to state 86
    immutable            go to state 60
    call                 go to state 61
    constant             go to state 62


state 128

   62 expression: mutable "/=" . expression

    Real_const  shift, and go to state 43
    BoolConst   shift, and go to state 44
    NOT         shift, and go to state 45
    NUMCONST    shift, and go to state 46
    ID          shift, and go to state 47
    CHARCONST   shift, and go to state 48
    '-'         shift, and go to state 49
    '*'         shift, and go to state 50
    '('         shift, and go to state 51
    '?'         shift, and go to state 52

    expression           go to state 158
    simpleExpression     go to state 85
    relExpression        go to state 54
    mathlogicExpression  go to state 55
    unaryExpression      go to state 56
    unaryop              go to state 57
    factor               go to state 58
    mutable              go to state 86
    immutable            go to state 60
    call                 go to state 61
    constant             go to state 62


state 129

   63 expression: mutable "++" .

    $default  reduce using rule 63 (expression)


state 130

   64 expression: mutable "--" .

    $default  reduce using rule 64 (expression)


state 131

   23 funDeclaration: typeSpecifier ID '(' params ')' statement .

    $default  reduce using rule 23 (funDeclaration)


state 132

  103 argList: expression .

    $default  reduce using rule 103 (argList)


state 133

   99 call: ID '(' args . ')'

    ')'  shift, and go to state 159


state 134

  100 args: argList .
  102 argList: argList . ',' expression

    ','  shift, and go to state 160

    $default  reduce using rule 100 (args)


state 135

   96 immutable: '(' expression ')' .

    $default  reduce using rule 96 (immutable)


state 136

   66 simpleExpression: simpleExpression . OR simpleExpression
   67                 | simpleExpression . AND simpleExpression
   68                 | simpleExpression . OR_ELSE simpleExpression
   69                 | simpleExpression . AND_THEN simpleExpression
   69                 | simpleExpression AND_THEN simpleExpression .

    $default  reduce using rule 69 (simpleExpression)


state 137

   66 simpleExpression: simpleExpression . OR simpleExpression
   67                 | simpleExpression . AND simpleExpression
   68                 | simpleExpression . OR_ELSE simpleExpression
   68                 | simpleExpression OR_ELSE simpleExpression .
   69                 | simpleExpression . AND_THEN simpleExpression

    AND_THEN  shift, and go to state 93
    AND       shift, and go to state 96

    $default  reduce using rule 68 (simpleExpression)


state 138

   66 simpleExpression: simpleExpression . OR simpleExpression
   66                 | simpleExpression OR simpleExpression .
   67                 | simpleExpression . AND simpleExpression
   68                 | simpleExpression . OR_ELSE simpleExpression
   69                 | simpleExpression . AND_THEN simpleExpression

    AND_THEN  shift, and go to state 93
    AND       shift, and go to state 96

    $default  reduce using rule 66 (simpleExpression)


state 139

   66 simpleExpression: simpleExpression . OR simpleExpression
   67                 | simpleExpression . AND simpleExpression
   67                 | simpleExpression AND simpleExpression .
   68                 | simpleExpression . OR_ELSE simpleExpression
   69                 | simpleExpression . AND_THEN simpleExpression

    $default  reduce using rule 67 (simpleExpression)


state 140

   80 mathlogicExpression: mathlogicExpression . '+' mathlogicExpression
   80                    | mathlogicExpression '+' mathlogicExpression .
   81                    | mathlogicExpression . '-' mathlogicExpression
   82                    | mathlogicExpression . '*' mathlogicExpression
   83                    | mathlogicExpression . '/' mathlogicExpression
   84                    | mathlogicExpression . '%' mathlogicExpression

    '%'  shift, and go to state 105
    '*'  shift, and go to state 106
    '/'  shift, and go to state 107

    $default  reduce using rule 80 (mathlogicExpression)


state 141

   80 mathlogicExpression: mathlogicExpression . '+' mathlogicExpression
   81                    | mathlogicExpression . '-' mathlogicExpression
   81                    | mathlogicExpression '-' mathlogicExpression .
   82                    | mathlogicExpression . '*' mathlogicExpression
   83                    | mathlogicExpression . '/' mathlogicExpression
   84                    | mathlogicExpression . '%' mathlogicExpression

    '%'  shift, and go to state 105
    '*'  shift, and go to state 106
    '/'  shift, and go to state 107

    $default  reduce using rule 81 (mathlogicExpression)


state 142

   80 mathlogicExpression: mathlogicExpression . '+' mathlogicExpression
   81                    | mathlogicExpression . '-' mathlogicExpression
   82                    | mathlogicExpression . '*' mathlogicExpression
   83                    | mathlogicExpression . '/' mathlogicExpression
   84                    | mathlogicExpression . '%' mathlogicExpression
   84                    | mathlogicExpression '%' mathlogicExpression .

    '*'  shift, and go to state 106
    '/'  shift, and go to state 107

    $default  reduce using rule 84 (mathlogicExpression)


state 143

   80 mathlogicExpression: mathlogicExpression . '+' mathlogicExpression
   81                    | mathlogicExpression . '-' mathlogicExpression
   82                    | mathlogicExpression . '*' mathlogicExpression
   82                    | mathlogicExpression '*' mathlogicExpression .
   83                    | mathlogicExpression . '/' mathlogicExpression
   84                    | mathlogicExpression . '%' mathlogicExpression

    $default  reduce using rule 82 (mathlogicExpression)


state 144

   80 mathlogicExpression: mathlogicExpression . '+' mathlogicExpression
   81                    | mathlogicExpression . '-' mathlogicExpression
   82                    | mathlogicExpression . '*' mathlogicExpression
   83                    | mathlogicExpression . '/' mathlogicExpression
   83                    | mathlogicExpression '/' mathlogicExpression .
   84                    | mathlogicExpression . '%' mathlogicExpression

    $default  reduce using rule 83 (mathlogicExpression)


state 145

   72 relExpression: mathlogicExpression relop mathlogicExpression .
   80 mathlogicExpression: mathlogicExpression . '+' mathlogicExpression
   81                    | mathlogicExpression . '-' mathlogicExpression
   82                    | mathlogicExpression . '*' mathlogicExpression
   83                    | mathlogicExpression . '/' mathlogicExpression
   84                    | mathlogicExpression . '%' mathlogicExpression

    '+'  shift, and go to state 103
    '-'  shift, and go to state 104
    '%'  shift, and go to state 105
    '*'  shift, and go to state 106
    '/'  shift, and go to state 107

    $default  reduce using rule 72 (relExpression)


state 146

   94 mutable: mutable '[' expression . ']'

    ']'  shift, and go to state 161


state 147

   95 mutable: mutable '.' ID .

    $default  reduce using rule 95 (mutable)


state 148

    9 scopedVarDeclaration: scopedTypeSpecifier varDeclList ';' .

    $default  reduce using rule 9 (scopedVarDeclaration)


state 149

   47 selectionStmt: IF '(' simpleExpression . ')' statement
   48              | IF '(' simpleExpression . ')' statement ELSE statement
   66 simpleExpression: simpleExpression . OR simpleExpression
   67                 | simpleExpression . AND simpleExpression
   68                 | simpleExpression . OR_ELSE simpleExpression
   69                 | simpleExpression . AND_THEN simpleExpression

    AND_THEN  shift, and go to state 93
    OR_ELSE   shift, and go to state 94
    OR        shift, and go to state 95
    AND       shift, and go to state 96
    ')'       shift, and go to state 162


state 150

   49 selectionStmt: SWITCH '(' simpleExpression . ')' caseElement defaultElement END
   66 simpleExpression: simpleExpression . OR simpleExpression
   67                 | simpleExpression . AND simpleExpression
   68                 | simpleExpression . OR_ELSE simpleExpression
   69                 | simpleExpression . AND_THEN simpleExpression

    AND_THEN  shift, and go to state 93
    OR_ELSE   shift, and go to state 94
    OR        shift, and go to state 95
    AND       shift, and go to state 96
    ')'       shift, and go to state 163


state 151

   54 iterationStmt: WHILE '(' simpleExpression . ')' statement
   66 simpleExpression: simpleExpression . OR simpleExpression
   67                 | simpleExpression . AND simpleExpression
   68                 | simpleExpression . OR_ELSE simpleExpression
   69                 | simpleExpression . AND_THEN simpleExpression

    AND_THEN  shift, and go to state 93
    OR_ELSE   shift, and go to state 94
    OR        shift, and go to state 95
    AND       shift, and go to state 96
    ')'       shift, and go to state 164


state 152

   56 returnStmt: RETURN expression ';' .

    $default  reduce using rule 56 (returnStmt)


state 153

   40 compoundStmt: '{' localDeclarations statementList . '}'
   43 statementList: statementList . statement

    Real_const  shift, and go to state 43
    BoolConst   shift, and go to state 44
    NOT         shift, and go to state 45
    IF          shift, and go to state 70
    SWITCH      shift, and go to state 71
    WHILE       shift, and go to state 72
    RETURN      shift, and go to state 73
    BREAK       shift, and go to state 74
    NUMCONST    shift, and go to state 46
    ID          shift, and go to state 47
    CHARCONST   shift, and go to state 48
    '-'         shift, and go to state 49
    '*'         shift, and go to state 50
    '{'         shift, and go to state 75
    '}'         shift, and go to state 165
    ';'         shift, and go to state 76
    '('         shift, and go to state 51
    '?'         shift, and go to state 52

    statement            go to state 166
    compoundStmt         go to state 78
    expressionStmt       go to state 79
    selectionStmt        go to state 80
    iterationStmt        go to state 81
    returnStmt           go to state 82
    breakStmt            go to state 83
    expression           go to state 84
    simpleExpression     go to state 85
    relExpression        go to state 54
    mathlogicExpression  go to state 55
    unaryExpression      go to state 56
    unaryop              go to state 57
    factor               go to state 58
    mutable              go to state 86
    immutable            go to state 60
    call                 go to state 61
    constant             go to state 62


state 154

   58 expression: mutable '=' expression .

    $default  reduce using rule 58 (expression)


state 155

   59 expression: mutable "+=" expression .

    $default  reduce using rule 59 (expression)


state 156

   60 expression: mutable "-=" expression .

    $default  reduce using rule 60 (expression)


state 157

   61 expression: mutable "*=" expression .

    $default  reduce using rule 61 (expression)


state 158

   62 expression: mutable "/=" expression .

    $default  reduce using rule 62 (expression)


state 159

   99 call: ID '(' args ')' .

    $default  reduce using rule 99 (call)


state 160

  102 argList: argList ',' . expression

    Real_const  shift, and go to state 43
    BoolConst   shift, and go to state 44
    NOT         shift, and go to state 45
    NUMCONST    shift, and go to state 46
    ID          shift, and go to state 47
    CHARCONST   shift, and go to state 48
    '-'         shift, and go to state 49
    '*'         shift, and go to state 50
    '('         shift, and go to state 51
    '?'         shift, and go to state 52

    expression           go to state 167
    simpleExpression     go to state 85
    relExpression        go to state 54
    mathlogicExpression  go to state 55
    unaryExpression      go to state 56
    unaryop              go to state 57
    factor               go to state 58
    mutable              go to state 86
    immutable            go to state 60
    call                 go to state 61
    constant             go to state 62


state 161

   94 mutable: mutable '[' expression ']' .

    $default  reduce using rule 94 (mutable)


state 162

   47 selectionStmt: IF '(' simpleExpression ')' . statement
   48              | IF '(' simpleExpression ')' . statement ELSE statement

    Real_const  shift, and go to state 43
    BoolConst   shift, and go to state 44
    NOT         shift, and go to state 45
    IF          shift, and go to state 70
    SWITCH      shift, and go to state 71
    WHILE       shift, and go to state 72
    RETURN      shift, and go to state 73
    BREAK       shift, and go to state 74
    NUMCONST    shift, and go to state 46
    ID          shift, and go to state 47
    CHARCONST   shift, and go to state 48
    '-'         shift, and go to state 49
    '*'         shift, and go to state 50
    '{'         shift, and go to state 75
    ';'         shift, and go to state 76
    '('         shift, and go to state 51
    '?'         shift, and go to state 52

    statement            go to state 168
    compoundStmt         go to state 78
    expressionStmt       go to state 79
    selectionStmt        go to state 80
    iterationStmt        go to state 81
    returnStmt           go to state 82
    breakStmt            go to state 83
    expression           go to state 84
    simpleExpression     go to state 85
    relExpression        go to state 54
    mathlogicExpression  go to state 55
    unaryExpression      go to state 56
    unaryop              go to state 57
    factor               go to state 58
    mutable              go to state 86
    immutable            go to state 60
    call                 go to state 61
    constant             go to state 62


state 163

   49 selectionStmt: SWITCH '(' simpleExpression ')' . caseElement defaultElement END

    CASE  shift, and go to state 169

    caseElement  go to state 170


state 164

   54 iterationStmt: WHILE '(' simpleExpression ')' . statement

    Real_const  shift, and go to state 43
    BoolConst   shift, and go to state 44
    NOT         shift, and go to state 45
    IF          shift, and go to state 70
    SWITCH      shift, and go to state 71
    WHILE       shift, and go to state 72
    RETURN      shift, and go to state 73
    BREAK       shift, and go to state 74
    NUMCONST    shift, and go to state 46
    ID          shift, and go to state 47
    CHARCONST   shift, and go to state 48
    '-'         shift, and go to state 49
    '*'         shift, and go to state 50
    '{'         shift, and go to state 75
    ';'         shift, and go to state 76
    '('         shift, and go to state 51
    '?'         shift, and go to state 52

    statement            go to state 171
    compoundStmt         go to state 78
    expressionStmt       go to state 79
    selectionStmt        go to state 80
    iterationStmt        go to state 81
    returnStmt           go to state 82
    breakStmt            go to state 83
    expression           go to state 84
    simpleExpression     go to state 85
    relExpression        go to state 54
    mathlogicExpression  go to state 55
    unaryExpression      go to state 56
    unaryop              go to state 57
    factor               go to state 58
    mutable              go to state 86
    immutable            go to state 60
    call                 go to state 61
    constant             go to state 62


state 165

   40 compoundStmt: '{' localDeclarations statementList '}' .

    $default  reduce using rule 40 (compoundStmt)


state 166

   43 statementList: statementList statement .

    $default  reduce using rule 43 (statementList)


state 167

  102 argList: argList ',' expression .

    $default  reduce using rule 102 (argList)


state 168

   47 selectionStmt: IF '(' simpleExpression ')' statement .
   48              | IF '(' simpleExpression ')' statement . ELSE statement

    ELSE  shift, and go to state 172

    $default  reduce using rule 47 (selectionStmt)


state 169

   50 caseElement: CASE . NUMCONST ':' statement ';'

    NUMCONST  shift, and go to state 173


state 170

   49 selectionStmt: SWITCH '(' simpleExpression ')' caseElement . defaultElement END
   51 caseElement: caseElement . CASE NUMCONST ':' statement ';'

    CASE     shift, and go to state 174
    DEFAULT  shift, and go to state 175

    $default  reduce using rule 53 (defaultElement)

    defaultElement  go to state 176


state 171

   54 iterationStmt: WHILE '(' simpleExpression ')' statement .

    $default  reduce using rule 54 (iterationStmt)


state 172

   48 selectionStmt: IF '(' simpleExpression ')' statement ELSE . statement

    Real_const  shift, and go to state 43
    BoolConst   shift, and go to state 44
    NOT         shift, and go to state 45
    IF          shift, and go to state 70
    SWITCH      shift, and go to state 71
    WHILE       shift, and go to state 72
    RETURN      shift, and go to state 73
    BREAK       shift, and go to state 74
    NUMCONST    shift, and go to state 46
    ID          shift, and go to state 47
    CHARCONST   shift, and go to state 48
    '-'         shift, and go to state 49
    '*'         shift, and go to state 50
    '{'         shift, and go to state 75
    ';'         shift, and go to state 76
    '('         shift, and go to state 51
    '?'         shift, and go to state 52

    statement            go to state 177
    compoundStmt         go to state 78
    expressionStmt       go to state 79
    selectionStmt        go to state 80
    iterationStmt        go to state 81
    returnStmt           go to state 82
    breakStmt            go to state 83
    expression           go to state 84
    simpleExpression     go to state 85
    relExpression        go to state 54
    mathlogicExpression  go to state 55
    unaryExpression      go to state 56
    unaryop              go to state 57
    factor               go to state 58
    mutable              go to state 86
    immutable            go to state 60
    call                 go to state 61
    constant             go to state 62


state 173

   50 caseElement: CASE NUMCONST . ':' statement ';'

    ':'  shift, and go to state 178


state 174

   51 caseElement: caseElement CASE . NUMCONST ':' statement ';'

    NUMCONST  shift, and go to state 179


state 175

   52 defaultElement: DEFAULT . ':' statement ';'

    ':'  shift, and go to state 180


state 176

   49 selectionStmt: SWITCH '(' simpleExpression ')' caseElement defaultElement . END

    END  shift, and go to state 181


state 177

   48 selectionStmt: IF '(' simpleExpression ')' statement ELSE statement .

    $default  reduce using rule 48 (selectionStmt)


state 178

   50 caseElement: CASE NUMCONST ':' . statement ';'

    Real_const  shift, and go to state 43
    BoolConst   shift, and go to state 44
    NOT         shift, and go to state 45
    IF          shift, and go to state 70
    SWITCH      shift, and go to state 71
    WHILE       shift, and go to state 72
    RETURN      shift, and go to state 73
    BREAK       shift, and go to state 74
    NUMCONST    shift, and go to state 46
    ID          shift, and go to state 47
    CHARCONST   shift, and go to state 48
    '-'         shift, and go to state 49
    '*'         shift, and go to state 50
    '{'         shift, and go to state 75
    ';'         shift, and go to state 76
    '('         shift, and go to state 51
    '?'         shift, and go to state 52

    statement            go to state 182
    compoundStmt         go to state 78
    expressionStmt       go to state 79
    selectionStmt        go to state 80
    iterationStmt        go to state 81
    returnStmt           go to state 82
    breakStmt            go to state 83
    expression           go to state 84
    simpleExpression     go to state 85
    relExpression        go to state 54
    mathlogicExpression  go to state 55
    unaryExpression      go to state 56
    unaryop              go to state 57
    factor               go to state 58
    mutable              go to state 86
    immutable            go to state 60
    call                 go to state 61
    constant             go to state 62


state 179

   51 caseElement: caseElement CASE NUMCONST . ':' statement ';'

    ':'  shift, and go to state 183


state 180

   52 defaultElement: DEFAULT ':' . statement ';'

    Real_const  shift, and go to state 43
    BoolConst   shift, and go to state 44
    NOT         shift, and go to state 45
    IF          shift, and go to state 70
    SWITCH      shift, and go to state 71
    WHILE       shift, and go to state 72
    RETURN      shift, and go to state 73
    BREAK       shift, and go to state 74
    NUMCONST    shift, and go to state 46
    ID          shift, and go to state 47
    CHARCONST   shift, and go to state 48
    '-'         shift, and go to state 49
    '*'         shift, and go to state 50
    '{'         shift, and go to state 75
    ';'         shift, and go to state 76
    '('         shift, and go to state 51
    '?'         shift, and go to state 52

    statement            go to state 184
    compoundStmt         go to state 78
    expressionStmt       go to state 79
    selectionStmt        go to state 80
    iterationStmt        go to state 81
    returnStmt           go to state 82
    breakStmt            go to state 83
    expression           go to state 84
    simpleExpression     go to state 85
    relExpression        go to state 54
    mathlogicExpression  go to state 55
    unaryExpression      go to state 56
    unaryop              go to state 57
    factor               go to state 58
    mutable              go to state 86
    immutable            go to state 60
    call                 go to state 61
    constant             go to state 62


state 181

   49 selectionStmt: SWITCH '(' simpleExpression ')' caseElement defaultElement END .

    $default  reduce using rule 49 (selectionStmt)


state 182

   50 caseElement: CASE NUMCONST ':' statement . ';'

    ';'  shift, and go to state 185


state 183

   51 caseElement: caseElement CASE NUMCONST ':' . statement ';'

    Real_const  shift, and go to state 43
    BoolConst   shift, and go to state 44
    NOT         shift, and go to state 45
    IF          shift, and go to state 70
    SWITCH      shift, and go to state 71
    WHILE       shift, and go to state 72
    RETURN      shift, and go to state 73
    BREAK       shift, and go to state 74
    NUMCONST    shift, and go to state 46
    ID          shift, and go to state 47
    CHARCONST   shift, and go to state 48
    '-'         shift, and go to state 49
    '*'         shift, and go to state 50
    '{'         shift, and go to state 75
    ';'         shift, and go to state 76
    '('         shift, and go to state 51
    '?'         shift, and go to state 52

    statement            go to state 186
    compoundStmt         go to state 78
    expressionStmt       go to state 79
    selectionStmt        go to state 80
    iterationStmt        go to state 81
    returnStmt           go to state 82
    breakStmt            go to state 83
    expression           go to state 84
    simpleExpression     go to state 85
    relExpression        go to state 54
    mathlogicExpression  go to state 55
    unaryExpression      go to state 56
    unaryop              go to state 57
    factor               go to state 58
    mutable              go to state 86
    immutable            go to state 60
    call                 go to state 61
    constant             go to state 62


state 184

   52 defaultElement: DEFAULT ':' statement . ';'

    ';'  shift, and go to state 187


state 185

   50 caseElement: CASE NUMCONST ':' statement ';' .

    $default  reduce using rule 50 (caseElement)


state 186

   51 caseElement: caseElement CASE NUMCONST ':' statement . ';'

    ';'  shift, and go to state 188


state 187

   52 defaultElement: DEFAULT ':' statement ';' .

    $default  reduce using rule 52 (defaultElement)


state 188

   51 caseElement: caseElement CASE NUMCONST ':' statement ';' .

    $default  reduce using rule 51 (caseElement)
